<?xml version="1.0" encoding="UTF-8"?>
<!-- Generated by org.testng.reporters.JUnitReportReporter -->
<testsuite skipped="0" hostname="alpha-PC" name="com.crm.qa.testcase.LoginPageTest" tests="3" failures="0" timestamp="06 Dec 2017 02:48:09 GMT" time="66.394" errors="0">
  <testcase name="loginPageTitleTest" time="37.204" classname="com.crm.qa.testcase.LoginPageTest"/>
  <testcase name="crmLogoImageTest" time="10.303" classname="com.crm.qa.testcase.LoginPageTest"/>
  <testcase name="loginTest" time="18.887" classname="com.crm.qa.testcase.LoginPageTest"/>
</testsuite> <!-- com.crm.qa.testcase.LoginPageTest -->
