<?xml version="1.0" encoding="UTF-8"?>
<!-- Generated by org.testng.reporters.JUnitReportReporter -->
<testsuite skipped="0" hostname="alpha-PC" name="com.crm.qa.testcase.HomePageTest" tests="3" failures="0" timestamp="06 Dec 2017 02:48:09 GMT" time="71.596" errors="0">
  <testcase name="verifyHomePageTitleTest" time="19.279" classname="com.crm.qa.testcase.HomePageTest"/>
  <testcase name="verifyUserNameTest" time="32.750" classname="com.crm.qa.testcase.HomePageTest"/>
  <testcase name="verifyContactsLinkTest" time="19.567" classname="com.crm.qa.testcase.HomePageTest"/>
</testsuite> <!-- com.crm.qa.testcase.HomePageTest -->
